<?xml version="1.0" encoding="UTF-8"?>
<testsuites name="WebTest demo app" time="224" tests="1" failures="0" errors="0">
   <testsuite name="WebTest demo app" tests="1" failures="0" errors="0" time="224" timestamp="2017-08-31 12:35:54" hostname="Pratiush.Pratik - LTPBAN252219466.corp.mphasis.com" id="Test Suites/WebTest demo app">
      <properties>
         <property name="deviceName" value=""/>
         <property name="devicePlatform" value=""/>
         <property name="logFolder" value="C:\\Users\\pratiush.pratik\\Katalon Studio\\TestDesktop\\Reports\\WebTest demo app\\20170831_123545"/>
         <property name="logFiles" value="C:\\Users\\pratiush.pratik\\Katalon Studio\\TestDesktop\\Reports\\WebTest demo app\\20170831_123545\\execution0.log"/>
         <property name="attachments" value=""/>
         <property name="hostName" value="Pratiush.Pratik - LTPBAN252219466.corp.mphasis.com"/>
         <property name="os" value="Windows 7 64bit"/>
         <property name="katalonVersion" value="4.7.2.1"/>
         <property name="browser" value="Chrome 60.0.3112.113"/>
         <property name="hostAddress" value="172.17.58.58"/>
         <property name="sessionId" value="2186533721bb605ec23a52e396418f05"/>
         <property name="seleniumVersion" value="2.53.0"/>
         <property name="proxyInformation" value="ProxyInformation{proxyOption=MANUAL_CONFIG, proxyServerType=HTTP, password=TESTing31, proxyServerAddress=orrproxy.mphasis.com, proxyServerPort=8080}"/>
         <property name="platform" value="Windows 7"/>
      </properties>
      <testcase name="Test Cases/katalon" classname="Test Cases/katalon" status="PASSED">
         <system-out><![CDATA[2017-08-31 12:35:56 - [TEST_CASE][PASSED] - Test Cases/katalon: Test Cases/katalon

2017-08-31 12:35:58 - [TEST_STEP][PASSED] - openBrowser: Browser is opened with url: ''

2017-08-31 12:36:57 - [MESSAGE][PASSED] - Browser is opened with url: ''

2017-08-31 12:36:57 - [TEST_STEP][PASSED] - maximizeWindow: Current window maximized

2017-08-31 12:36:59 - [MESSAGE][PASSED] - Current window maximized

2017-08-31 12:36:59 - [TEST_STEP][PASSED] - navigateToUrl: Navigate to 'http://demoaut.katalon.com/' successfully

2017-08-31 12:39:28 - [MESSAGE][PASSED] - Navigate to 'http://demoaut.katalon.com/' successfully

2017-08-31 12:39:28 - [TEST_STEP][PASSED] - click: Object: 'Object Repository/Page_CURA Healthcare Service/h3_We Care About Your Health' is clicked on

2017-08-31 12:39:29 - [MESSAGE][PASSED] - Object: 'Object Repository/Page_CURA Healthcare Service/h3_We Care About Your Health' is clicked on

2017-08-31 12:39:29 - [TEST_STEP][PASSED] - click: Object: 'Object Repository/Page_CURA Healthcare Service/a_Make Appointment' is clicked on

2017-08-31 12:39:30 - [MESSAGE][PASSED] - Object: 'Object Repository/Page_CURA Healthcare Service/a_Make Appointment' is clicked on

2017-08-31 12:39:30 - [TEST_STEP][PASSED] - click: Object: 'Object Repository/Page_CURA Healthcare Service (1)/button_Login' is clicked on

2017-08-31 12:39:32 - [MESSAGE][PASSED] - Object: 'Object Repository/Page_CURA Healthcare Service (1)/button_Login' is clicked on

2017-08-31 12:39:32 - [TEST_STEP][PASSED] - click: Object: 'Object Repository/Page_CURA Healthcare Service (2)/th_' is clicked on

2017-08-31 12:39:32 - [MESSAGE][PASSED] - Object: 'Object Repository/Page_CURA Healthcare Service (2)/th_' is clicked on

2017-08-31 12:39:32 - [TEST_STEP][PASSED] - click: Object: 'Object Repository/Page_CURA Healthcare Service (2)/th_' is clicked on

2017-08-31 12:39:32 - [MESSAGE][PASSED] - Object: 'Object Repository/Page_CURA Healthcare Service (2)/th_' is clicked on

2017-08-31 12:39:32 - [TEST_STEP][PASSED] - click: Object: 'Object Repository/Page_CURA Healthcare Service (2)/td_26' is clicked on

2017-08-31 12:39:33 - [MESSAGE][PASSED] - Object: 'Object Repository/Page_CURA Healthcare Service (2)/td_26' is clicked on

2017-08-31 12:39:33 - [TEST_STEP][PASSED] - setText: Text 'book appointment' is set on object 'Object Repository/Page_CURA Healthcare Service (2)/textarea_comment'

2017-08-31 12:39:33 - [MESSAGE][PASSED] - Text 'book appointment' is set on object 'Object Repository/Page_CURA Healthcare Service (2)/textarea_comment'

2017-08-31 12:39:33 - [TEST_STEP][PASSED] - click: Object: 'Object Repository/Page_CURA Healthcare Service (2)/button_Book Appointment' is clicked on

2017-08-31 12:39:34 - [MESSAGE][PASSED] - Object: 'Object Repository/Page_CURA Healthcare Service (2)/button_Book Appointment' is clicked on

2017-08-31 12:39:34 - [TEST_STEP][PASSED] - click: Object: 'Object Repository/Page_CURA Healthcare Service (3)/h2_Appointment Confirmation' is clicked on

2017-08-31 12:39:35 - [MESSAGE][PASSED] - Object: 'Object Repository/Page_CURA Healthcare Service (3)/h2_Appointment Confirmation' is clicked on

2017-08-31 12:39:35 - [TEST_STEP][PASSED] - rightClick: Object: 'Object Repository/Page_CURA Healthcare Service (3)/h2_Appointment Confirmation' is right clicked on

2017-08-31 12:39:35 - [MESSAGE][PASSED] - Object: 'Object Repository/Page_CURA Healthcare Service (3)/h2_Appointment Confirmation' is right clicked on

2017-08-31 12:39:35 - [TEST_STEP][PASSED] - click: Object: 'Object Repository/Page_CURA Healthcare Service (3)/h2_Appointment Confirmation' is clicked on

2017-08-31 12:39:35 - [MESSAGE][PASSED] - Object: 'Object Repository/Page_CURA Healthcare Service (3)/h2_Appointment Confirmation' is clicked on

2017-08-31 12:39:35 - [TEST_STEP][PASSED] - click: Object: 'Object Repository/Page_CURA Healthcare Service (3)/a_Go to Homepage' is clicked on

2017-08-31 12:39:36 - [MESSAGE][PASSED] - Object: 'Object Repository/Page_CURA Healthcare Service (3)/a_Go to Homepage' is clicked on

2017-08-31 12:39:36 - [TEST_STEP][PASSED] - click: Object: 'Object Repository/Page_CURA Healthcare Service/a_menu-toggle' is clicked on

2017-08-31 12:39:36 - [MESSAGE][PASSED] - Object: 'Object Repository/Page_CURA Healthcare Service/a_menu-toggle' is clicked on

2017-08-31 12:39:36 - [TEST_STEP][PASSED] - click: Object: 'Object Repository/Page_CURA Healthcare Service/a_Logout' is clicked on

2017-08-31 12:39:37 - [MESSAGE][PASSED] - Object: 'Object Repository/Page_CURA Healthcare Service/a_Logout' is clicked on

2017-08-31 12:39:37 - [TEST_STEP][PASSED] - closeBrowser: Browser is closed

2017-08-31 12:39:38 - [MESSAGE][PASSED] - Browser is closed]]></system-out>
         <system-err><![CDATA[]]></system-err>
      </testcase>
      <system-out><![CDATA[2017-08-31 12:35:54 - [TEST_SUITE][PASSED] - WebTest demo app: Test Cases/katalon]]></system-out>
      <system-err><![CDATA[]]></system-err>
   </testsuite>
</testsuites>
