<?xml version="1.0" encoding="UTF-8"?>
<testsuites name="WebTest" time="94" tests="0" failures="1" errors="0">
   <testsuite name="WebTest" tests="0" failures="1" errors="0" time="94" timestamp="2017-08-21 14:30:40" hostname="Pratiush.Pratik - LTPBAN252219466.corp.mphasis.com" id="Test Suites/WebTest">
      <properties>
         <property name="deviceName" value=""/>
         <property name="devicePlatform" value=""/>
         <property name="logFolder" value="C:\\Users\\pratiush.pratik\\Katalon Studio\\TestDesktop\\Reports\\WebTest\\20170821_143003"/>
         <property name="logFiles" value="C:\\Users\\pratiush.pratik\\Katalon Studio\\TestDesktop\\Reports\\WebTest\\20170821_143003\\execution0.log"/>
         <property name="attachments" value=""/>
         <property name="hostName" value="Pratiush.Pratik - LTPBAN252219466.corp.mphasis.com"/>
         <property name="os" value="Windows 7 64bit"/>
         <property name="katalonVersion" value="4.7.2.1"/>
         <property name="browser" value="Firefox 55.0"/>
         <property name="hostAddress" value="172.17.57.79"/>
         <property name="sessionId" value="53baeee9-9d5f-4f1c-9a5c-e1a7ab45f451"/>
         <property name="seleniumVersion" value="2.53.0"/>
         <property name="proxyInformation" value="ProxyInformation{proxyOption=MANUAL_CONFIG, proxyServerType=HTTP, password=TESTing31, proxyServerAddress=orrproxy.mphasis.com, proxyServerPort=8080}"/>
         <property name="platform" value="Windows 7"/>
      </properties>
      <testcase name="Test Cases/launch" classname="Test Cases/launch" status="FAILED">
         <failure type="FAILED" message="Unable to navigate to 'https://paytm.com/' (Root cause: org.openqa.selenium.remote.UnreachableBrowserException: Error communicating with the remote browser. It may have died.
Build info: version: '2.53.0', revision: '35ae25b', time: '2016-03-15 17:00:58'
System info: host: 'LTPBAN252219466', ip: '172.17.57.79', os.name: 'Windows 7', os.arch: 'amd64', os.version: '6.1', java.version: '1.8.0_102'
Driver info: driver.version: RemoteWebDriver
Capabilities [{applicationCacheEnabled=true, rotatable=false, handlesAlerts=true, databaseEnabled=true, version=55.0.2, platform=WINDOWS, nativeEvents=false, acceptSslCerts=true, webStorageEnabled=true, locationContextEnabled=true, browserName=firefox, takesScreenshot=true, javascriptEnabled=true, cssSelectorsEnabled=true}]
Session ID: 53baeee9-9d5f-4f1c-9a5c-e1a7ab45f451)"/>
         <system-out><![CDATA[2017-08-21 14:30:43 - [TEST_CASE][FAILED] - Test Cases/launch: Test Cases/launch FAILED because (of) Unable to navigate to 'https://paytm.com/' (Root cause: org.openqa.selenium.remote.UnreachableBrowserException: Error communicating with the remote browser. It may have died.
Build info: version: '2.53.0', revision: '35ae25b', time: '2016-03-15 17:00:58'
System info: host: 'LTPBAN252219466', ip: '172.17.57.79', os.name: 'Windows 7', os.arch: 'amd64', os.version: '6.1', java.version: '1.8.0_102'
Driver info: driver.version: RemoteWebDriver
Capabilities [{applicationCacheEnabled=true, rotatable=false, handlesAlerts=true, databaseEnabled=true, version=55.0.2, platform=WINDOWS, nativeEvents=false, acceptSslCerts=true, webStorageEnabled=true, locationContextEnabled=true, browserName=firefox, takesScreenshot=true, javascriptEnabled=true, cssSelectorsEnabled=true}]
Session ID: 53baeee9-9d5f-4f1c-9a5c-e1a7ab45f451)

2017-08-21 14:30:45 - [TEST_STEP][PASSED] - openBrowser: Browser is opened with url: ''

2017-08-21 14:31:43 - [MESSAGE][PASSED] - Browser is opened with url: ''

2017-08-21 14:31:43 - [TEST_STEP][FAILED] - navigateToUrl: Unable to navigate to 'https://paytm.com/' (Root cause: org.openqa.selenium.remote.UnreachableBrowserException: Error communicating with the remote browser. It may have died.
Build info: version: '2.53.0', revision: '35ae25b', time: '2016-03-15 17:00:58'
System info: host: 'LTPBAN252219466', ip: '172.17.57.79', os.name: 'Windows 7', os.arch: 'amd64', os.version: '6.1', java.version: '1.8.0_102'
Driver info: driver.version: RemoteWebDriver
Capabilities [{applicationCacheEnabled=true, rotatable=false, handlesAlerts=true, databaseEnabled=true, version=55.0.2, platform=WINDOWS, nativeEvents=false, acceptSslCerts=true, webStorageEnabled=true, locationContextEnabled=true, browserName=firefox, takesScreenshot=true, javascriptEnabled=true, cssSelectorsEnabled=true}]
Session ID: 53baeee9-9d5f-4f1c-9a5c-e1a7ab45f451)

2017-08-21 14:32:02 - [MESSAGE][WARNING] - Cannot take screenshot

2017-08-21 14:32:02 - [MESSAGE][FAILED] - Unable to navigate to 'https://paytm.com/' (Root cause: org.openqa.selenium.remote.UnreachableBrowserException: Error communicating with the remote browser. It may have died.
Build info: version: '2.53.0', revision: '35ae25b', time: '2016-03-15 17:00:58'
System info: host: 'LTPBAN252219466', ip: '172.17.57.79', os.name: 'Windows 7', os.arch: 'amd64', os.version: '6.1', java.version: '1.8.0_102'
Driver info: driver.version: RemoteWebDriver
Capabilities [{applicationCacheEnabled=true, rotatable=false, handlesAlerts=true, databaseEnabled=true, version=55.0.2, platform=WINDOWS, nativeEvents=false, acceptSslCerts=true, webStorageEnabled=true, locationContextEnabled=true, browserName=firefox, takesScreenshot=true, javascriptEnabled=true, cssSelectorsEnabled=true}]
Session ID: 53baeee9-9d5f-4f1c-9a5c-e1a7ab45f451)]]></system-out>
         <system-err><![CDATA[2017-08-21 14:30:43 - [TEST_CASE][FAILED] - Test Cases/launch: Test Cases/launch FAILED because (of) Unable to navigate to 'https://paytm.com/' (Root cause: org.openqa.selenium.remote.UnreachableBrowserException: Error communicating with the remote browser. It may have died.
Build info: version: '2.53.0', revision: '35ae25b', time: '2016-03-15 17:00:58'
System info: host: 'LTPBAN252219466', ip: '172.17.57.79', os.name: 'Windows 7', os.arch: 'amd64', os.version: '6.1', java.version: '1.8.0_102'
Driver info: driver.version: RemoteWebDriver
Capabilities [{applicationCacheEnabled=true, rotatable=false, handlesAlerts=true, databaseEnabled=true, version=55.0.2, platform=WINDOWS, nativeEvents=false, acceptSslCerts=true, webStorageEnabled=true, locationContextEnabled=true, browserName=firefox, takesScreenshot=true, javascriptEnabled=true, cssSelectorsEnabled=true}]
Session ID: 53baeee9-9d5f-4f1c-9a5c-e1a7ab45f451)]]></system-err>
      </testcase>
      <system-out><![CDATA[2017-08-21 14:30:40 - [TEST_SUITE][FAILED] - WebTest: Test Cases/launch FAILED because (of) Unable to navigate to 'https://paytm.com/' (Root cause: org.openqa.selenium.remote.UnreachableBrowserException: Error communicating with the remote browser. It may have died.
Build info: version: '2.53.0', revision: '35ae25b', time: '2016-03-15 17:00:58'
System info: host: 'LTPBAN252219466', ip: '172.17.57.79', os.name: 'Windows 7', os.arch: 'amd64', os.version: '6.1', java.version: '1.8.0_102'
Driver info: driver.version: RemoteWebDriver
Capabilities [{applicationCacheEnabled=true, rotatable=false, handlesAlerts=true, databaseEnabled=true, version=55.0.2, platform=WINDOWS, nativeEvents=false, acceptSslCerts=true, webStorageEnabled=true, locationContextEnabled=true, browserName=firefox, takesScreenshot=true, javascriptEnabled=true, cssSelectorsEnabled=true}]
Session ID: 53baeee9-9d5f-4f1c-9a5c-e1a7ab45f451)]]></system-out>
      <system-err><![CDATA[2017-08-21 14:30:40 - [TEST_SUITE][FAILED] - WebTest: Test Cases/launch FAILED because (of) Unable to navigate to 'https://paytm.com/' (Root cause: org.openqa.selenium.remote.UnreachableBrowserException: Error communicating with the remote browser. It may have died.
Build info: version: '2.53.0', revision: '35ae25b', time: '2016-03-15 17:00:58'
System info: host: 'LTPBAN252219466', ip: '172.17.57.79', os.name: 'Windows 7', os.arch: 'amd64', os.version: '6.1', java.version: '1.8.0_102'
Driver info: driver.version: RemoteWebDriver
Capabilities [{applicationCacheEnabled=true, rotatable=false, handlesAlerts=true, databaseEnabled=true, version=55.0.2, platform=WINDOWS, nativeEvents=false, acceptSslCerts=true, webStorageEnabled=true, locationContextEnabled=true, browserName=firefox, takesScreenshot=true, javascriptEnabled=true, cssSelectorsEnabled=true}]
Session ID: 53baeee9-9d5f-4f1c-9a5c-e1a7ab45f451)]]></system-err>
   </testsuite>
</testsuites>
